<?xml version="1.0" encoding="UTF-8"?><testsuite name="nosetests" tests="3" errors="0" failures="0" skip="0"><testcase classname="ppj.tests.TestClientes" name="test_deve_exibir_detalhe_cliente" time="0.281"><system-err><![CDATA[/home/junior/workspace/learn_env/local/lib/python2.7/site-packages/SQLAlchemy-1.0.3-py2.7.egg/sqlalchemy/sql/sqltypes.py:185: SAWarning: Unicode type received non-unicode bind param value 'Wellington'. (this warning may be suppressed after 10 occurrences)
]]></system-err></testcase><testcase classname="ppj.tests.TestClientes" name="test_deve_incluir_cliente" time="0.031"></testcase><testcase classname="ppj.tests.TestClientes" name="test_deve_listar_clientes" time="0.035"></testcase></testsuite>